{"C:\\Users\\Администратор\\Desktop\\IT\\Geek University Факультет веб-разработки\\6React\\myhomewk\\src\\components\\ui\\Button.jsx": {"path":"C:\\Users\\Администратор\\Desktop\\IT\\Geek University Факультет веб-разработки\\6React\\myhomewk\\src\\components\\ui\\Button.jsx","statementMap":{"0":{"start":{"line":4,"column":4},"end":{"line":8,"column":5}},"1":{"start":{"line":11,"column":0},"end":{"line":13,"column":1}}},"fnMap":{"0":{"name":"Button","decl":{"start":{"line":3,"column":16},"end":{"line":3,"column":22}},"loc":{"start":{"line":3,"column":30},"end":{"line":9,"column":1}},"line":3}},"branchMap":{},"s":{"0":9,"1":1},"f":{"0":9},"b":{},"_coverageSchema":"1a1c01bbd47fc00a2c39e90264f33305004495a9","hash":"722a886e0ed9e79f0e308b5e5164a05cc58b6adb"}
}
